<?xml version="1.0" encoding="UTF-8"?>
<!-- Generated by org.testng.reporters.JUnitReportReporter -->
<testsuite hostname="DESKTOP-GPCN3AF" failures="0" tests="2" name="org.example.TestBrowser" time="15.180" errors="0" timestamp="30 Sep 2023 16:25:39 GMT">
  <testcase classname="org.example.TestBrowser" name="printTitle" time="4.189"/>
  <testcase classname="org.example.TestBrowser" name="dubleClick" time="10.991"/>
</testsuite> <!-- org.example.TestBrowser -->
